<?xml version="1.0" encoding="UTF-8" ?>
<testsuites>
  <testsuite failures="0" hostname="SSCINDIA-M-73NX" id="0" name="TestProject/tests" package="" skipped="0" tests="1" time="7.659" timestamp="Wed Jul 01 15:56:04 PDT 2020">
	    <properties>
		      <property name="excludeCallableTestCases" value="true" />

		      <property name="testEnvironment" value="" />

		      <property name="pluginOutputLevel" value="WARNING" />

		      <property name="projectPath" value=".." />

		      <property name="salesforceMetadataCache" value="Reuse" />

		      <property name="resultsPathDisposition" value="Increment" />

		      <property name="testOutputLevel" value="WARNING" />

		      <property name="webBrowserType" value="Google Chrome" />

		      <property name="resultsPath" value="../ANT/Results" />

		      <property name="webBrowserConfiguration" value="Full Screen" />

		      <property name="projectCachePath" value="/Users/smita.scindia/Provar/Workspace2/TestProject/ANT/../../.provarCaches" />

	    </properties>

	    <testcase classname="tests/Test Case 1.testcase" name="Test Case 1.testcase" time="4.389">
	</testcase>

  </testsuite>
</testsuites>
